This is pdfTeX, Version 3.14159265-2.6-1.40.17 (TeX Live 2016) (preloaded format=pdflatex 2016.5.22)  14 FEB 2019 18:37
entering extended mode
 restricted \write18 enabled.
 file:line:error style messages enabled.
 %&-line parsing enabled.
**HERCULES_users_manual_v1.0.1.tex
(./HERCULES_users_manual_v1.0.1.tex
LaTeX2e <2016/03/31>
Babel <3.9r> and hyphenation patterns for 83 language(s) loaded.
(/usr/local/texlive/2016/texmf-dist/tex/latex/base/article.cls
Document Class: article 2014/09/29 v1.4h Standard LaTeX document class
(/usr/local/texlive/2016/texmf-dist/tex/latex/base/size11.clo
File: size11.clo 2014/09/29 v1.4h Standard LaTeX file (size option)
)
\c@part=\count79
\c@section=\count80
\c@subsection=\count81
\c@subsubsection=\count82
\c@paragraph=\count83
\c@subparagraph=\count84
\c@figure=\count85
\c@table=\count86
\abovecaptionskip=\skip41
\belowcaptionskip=\skip42
\bibindent=\dimen102
)
(/usr/local/texlive/2016/texmf-dist/tex/latex/geometry/geometry.sty
Package: geometry 2010/09/12 v5.6 Page Geometry

(/usr/local/texlive/2016/texmf-dist/tex/latex/graphics/keyval.sty
Package: keyval 2014/10/28 v1.15 key=value parser (DPC)
\KV@toks@=\toks14
)
(/usr/local/texlive/2016/texmf-dist/tex/generic/oberdiek/ifpdf.sty
Package: ifpdf 2016/05/14 v3.1 Provides the ifpdf switch
)
(/usr/local/texlive/2016/texmf-dist/tex/generic/oberdiek/ifvtex.sty
Package: ifvtex 2016/05/16 v1.6 Detect VTeX and its facilities (HO)
Package ifvtex Info: VTeX not detected.
)
(/usr/local/texlive/2016/texmf-dist/tex/generic/ifxetex/ifxetex.sty
Package: ifxetex 2010/09/12 v0.6 Provides ifxetex conditional
)
\Gm@cnth=\count87
\Gm@cntv=\count88
\c@Gm@tempcnt=\count89
\Gm@bindingoffset=\dimen103
\Gm@wd@mp=\dimen104
\Gm@odd@mp=\dimen105
\Gm@even@mp=\dimen106
\Gm@layoutwidth=\dimen107
\Gm@layoutheight=\dimen108
\Gm@layouthoffset=\dimen109
\Gm@layoutvoffset=\dimen110
\Gm@dimlist=\toks15
)
(/usr/local/texlive/2016/texmf-dist/tex/latex/graphics/graphicx.sty
Package: graphicx 2014/10/28 v1.0g Enhanced LaTeX Graphics (DPC,SPQR)

(/usr/local/texlive/2016/texmf-dist/tex/latex/graphics/graphics.sty
Package: graphics 2016/05/09 v1.0r Standard LaTeX Graphics (DPC,SPQR)

(/usr/local/texlive/2016/texmf-dist/tex/latex/graphics/trig.sty
Package: trig 2016/01/03 v1.10 sin cos tan (DPC)
)
(/usr/local/texlive/2016/texmf-dist/tex/latex/graphics-cfg/graphics.cfg
File: graphics.cfg 2016/01/02 v1.10 sample graphics configuration
)
Package graphics Info: Driver file: pdftex.def on input line 96.

(/usr/local/texlive/2016/texmf-dist/tex/latex/pdftex-def/pdftex.def
File: pdftex.def 2011/05/27 v0.06d Graphics/color for pdfTeX

(/usr/local/texlive/2016/texmf-dist/tex/generic/oberdiek/infwarerr.sty
Package: infwarerr 2016/05/16 v1.4 Providing info/warning/error messages (HO)
)
(/usr/local/texlive/2016/texmf-dist/tex/generic/oberdiek/ltxcmds.sty
Package: ltxcmds 2016/05/16 v1.23 LaTeX kernel commands for general use (HO)
)
\Gread@gobject=\count90
))
\Gin@req@height=\dimen111
\Gin@req@width=\dimen112
)
(/usr/local/texlive/2016/texmf-dist/tex/latex/amsfonts/amssymb.sty
Package: amssymb 2013/01/14 v3.01 AMS font symbols

(/usr/local/texlive/2016/texmf-dist/tex/latex/amsfonts/amsfonts.sty
Package: amsfonts 2013/01/14 v3.01 Basic AMSFonts support
\@emptytoks=\toks16
\symAMSa=\mathgroup4
\symAMSb=\mathgroup5
LaTeX Font Info:    Overwriting math alphabet `\mathfrak' in version `bold'
(Font)                  U/euf/m/n --> U/euf/b/n on input line 106.
))
(/usr/local/texlive/2016/texmf-dist/tex/latex/natbib/natbib.sty
Package: natbib 2010/09/13 8.31b (PWD, AO)
\bibhang=\skip43
\bibsep=\skip44
LaTeX Info: Redefining \cite on input line 694.
\c@NAT@ctr=\count91
)
(/usr/local/texlive/2016/texmf-dist/tex/latex/titlesec/titletoc.sty
Package: titletoc 2011/12/15 v1.6 TOC entries
\ttl@leftsep=\dimen113
)
(/usr/local/texlive/2016/texmf-dist/tex/latex/tcolorbox/tcolorbox.sty
Package: tcolorbox 2016/04/27 version 3.91 text color boxes

(/usr/local/texlive/2016/texmf-dist/tex/latex/pgf/basiclayer/pgf.sty
(/usr/local/texlive/2016/texmf-dist/tex/latex/pgf/utilities/pgfrcs.sty
(/usr/local/texlive/2016/texmf-dist/tex/generic/pgf/utilities/pgfutil-common.te
x
\pgfutil@everybye=\toks17
\pgfutil@tempdima=\dimen114
\pgfutil@tempdimb=\dimen115

(/usr/local/texlive/2016/texmf-dist/tex/generic/pgf/utilities/pgfutil-common-li
sts.tex))
(/usr/local/texlive/2016/texmf-dist/tex/generic/pgf/utilities/pgfutil-latex.def
\pgfutil@abb=\box26
(/usr/local/texlive/2016/texmf-dist/tex/latex/ms/everyshi.sty
Package: everyshi 2001/05/15 v3.00 EveryShipout Package (MS)
))
(/usr/local/texlive/2016/texmf-dist/tex/generic/pgf/utilities/pgfrcs.code.tex
Package: pgfrcs 2015/08/07 v3.0.1a (rcs-revision 1.31)
))
Package: pgf 2015/08/07 v3.0.1a (rcs-revision 1.15)
(/usr/local/texlive/2016/texmf-dist/tex/latex/pgf/basiclayer/pgfcore.sty
(/usr/local/texlive/2016/texmf-dist/tex/latex/pgf/systemlayer/pgfsys.sty
(/usr/local/texlive/2016/texmf-dist/tex/generic/pgf/systemlayer/pgfsys.code.tex
Package: pgfsys 2014/07/09 v3.0.1a (rcs-revision 1.48)
(/usr/local/texlive/2016/texmf-dist/tex/generic/pgf/utilities/pgfkeys.code.tex
\pgfkeys@pathtoks=\toks18
\pgfkeys@temptoks=\toks19

(/usr/local/texlive/2016/texmf-dist/tex/generic/pgf/utilities/pgfkeysfiltered.c
ode.tex
\pgfkeys@tmptoks=\toks20
))
\pgf@x=\dimen116
\pgf@y=\dimen117
\pgf@xa=\dimen118
\pgf@ya=\dimen119
\pgf@xb=\dimen120
\pgf@yb=\dimen121
\pgf@xc=\dimen122
\pgf@yc=\dimen123
\w@pgf@writea=\write3
\r@pgf@reada=\read1
\c@pgf@counta=\count92
\c@pgf@countb=\count93
\c@pgf@countc=\count94
\c@pgf@countd=\count95
\t@pgf@toka=\toks21
\t@pgf@tokb=\toks22
\t@pgf@tokc=\toks23

(/usr/local/texlive/2016/texmf-dist/tex/generic/pgf/systemlayer/pgf.cfg
File: pgf.cfg 2008/05/14  (rcs-revision 1.7)
)
Driver file for pgf: pgfsys-pdftex.def

(/usr/local/texlive/2016/texmf-dist/tex/generic/pgf/systemlayer/pgfsys-pdftex.d
ef
File: pgfsys-pdftex.def 2014/10/11  (rcs-revision 1.35)

(/usr/local/texlive/2016/texmf-dist/tex/generic/pgf/systemlayer/pgfsys-common-p
df.def
File: pgfsys-common-pdf.def 2013/10/10  (rcs-revision 1.13)
)))
(/usr/local/texlive/2016/texmf-dist/tex/generic/pgf/systemlayer/pgfsyssoftpath.
code.tex
File: pgfsyssoftpath.code.tex 2013/09/09  (rcs-revision 1.9)
\pgfsyssoftpath@smallbuffer@items=\count96
\pgfsyssoftpath@bigbuffer@items=\count97
)
(/usr/local/texlive/2016/texmf-dist/tex/generic/pgf/systemlayer/pgfsysprotocol.
code.tex
File: pgfsysprotocol.code.tex 2006/10/16  (rcs-revision 1.4)
)) (/usr/local/texlive/2016/texmf-dist/tex/latex/xcolor/xcolor.sty
Package: xcolor 2016/05/11 v2.12 LaTeX color extensions (UK)

(/usr/local/texlive/2016/texmf-dist/tex/latex/graphics-cfg/color.cfg
File: color.cfg 2016/01/02 v1.6 sample color configuration
)
Package xcolor Info: Driver file: pdftex.def on input line 225.
Package xcolor Info: Model `cmy' substituted by `cmy0' on input line 1348.
Package xcolor Info: Model `hsb' substituted by `rgb' on input line 1352.
Package xcolor Info: Model `RGB' extended on input line 1364.
Package xcolor Info: Model `HTML' substituted by `rgb' on input line 1366.
Package xcolor Info: Model `Hsb' substituted by `hsb' on input line 1367.
Package xcolor Info: Model `tHsb' substituted by `hsb' on input line 1368.
Package xcolor Info: Model `HSB' substituted by `hsb' on input line 1369.
Package xcolor Info: Model `Gray' substituted by `gray' on input line 1370.
Package xcolor Info: Model `wave' substituted by `hsb' on input line 1371.
)
(/usr/local/texlive/2016/texmf-dist/tex/generic/pgf/basiclayer/pgfcore.code.tex
Package: pgfcore 2010/04/11 v3.0.1a (rcs-revision 1.7)
(/usr/local/texlive/2016/texmf-dist/tex/generic/pgf/math/pgfmath.code.tex
(/usr/local/texlive/2016/texmf-dist/tex/generic/pgf/math/pgfmathcalc.code.tex
(/usr/local/texlive/2016/texmf-dist/tex/generic/pgf/math/pgfmathutil.code.tex)
(/usr/local/texlive/2016/texmf-dist/tex/generic/pgf/math/pgfmathparser.code.tex
\pgfmath@dimen=\dimen124
\pgfmath@count=\count98
\pgfmath@box=\box27
\pgfmath@toks=\toks24
\pgfmath@stack@operand=\toks25
\pgfmath@stack@operation=\toks26
)
(/usr/local/texlive/2016/texmf-dist/tex/generic/pgf/math/pgfmathfunctions.code.
tex
(/usr/local/texlive/2016/texmf-dist/tex/generic/pgf/math/pgfmathfunctions.basic
.code.tex)
(/usr/local/texlive/2016/texmf-dist/tex/generic/pgf/math/pgfmathfunctions.trigo
nometric.code.tex)
(/usr/local/texlive/2016/texmf-dist/tex/generic/pgf/math/pgfmathfunctions.rando
m.code.tex)
(/usr/local/texlive/2016/texmf-dist/tex/generic/pgf/math/pgfmathfunctions.compa
rison.code.tex)
(/usr/local/texlive/2016/texmf-dist/tex/generic/pgf/math/pgfmathfunctions.base.
code.tex)
(/usr/local/texlive/2016/texmf-dist/tex/generic/pgf/math/pgfmathfunctions.round
.code.tex)
(/usr/local/texlive/2016/texmf-dist/tex/generic/pgf/math/pgfmathfunctions.misc.
code.tex)
(/usr/local/texlive/2016/texmf-dist/tex/generic/pgf/math/pgfmathfunctions.integ
erarithmetics.code.tex)))
(/usr/local/texlive/2016/texmf-dist/tex/generic/pgf/math/pgfmathfloat.code.tex
\c@pgfmathroundto@lastzeros=\count99
))
(/usr/local/texlive/2016/texmf-dist/tex/generic/pgf/basiclayer/pgfcorepoints.co
de.tex
File: pgfcorepoints.code.tex 2013/10/07  (rcs-revision 1.27)
\pgf@picminx=\dimen125
\pgf@picmaxx=\dimen126
\pgf@picminy=\dimen127
\pgf@picmaxy=\dimen128
\pgf@pathminx=\dimen129
\pgf@pathmaxx=\dimen130
\pgf@pathminy=\dimen131
\pgf@pathmaxy=\dimen132
\pgf@xx=\dimen133
\pgf@xy=\dimen134
\pgf@yx=\dimen135
\pgf@yy=\dimen136
\pgf@zx=\dimen137
\pgf@zy=\dimen138
)
(/usr/local/texlive/2016/texmf-dist/tex/generic/pgf/basiclayer/pgfcorepathconst
ruct.code.tex
File: pgfcorepathconstruct.code.tex 2013/10/07  (rcs-revision 1.29)
\pgf@path@lastx=\dimen139
\pgf@path@lasty=\dimen140
)
(/usr/local/texlive/2016/texmf-dist/tex/generic/pgf/basiclayer/pgfcorepathusage
.code.tex
File: pgfcorepathusage.code.tex 2014/11/02  (rcs-revision 1.24)
\pgf@shorten@end@additional=\dimen141
\pgf@shorten@start@additional=\dimen142
)
(/usr/local/texlive/2016/texmf-dist/tex/generic/pgf/basiclayer/pgfcorescopes.co
de.tex
File: pgfcorescopes.code.tex 2015/05/08  (rcs-revision 1.46)
\pgfpic=\box28
\pgf@hbox=\box29
\pgf@layerbox@main=\box30
\pgf@picture@serial@count=\count100
)
(/usr/local/texlive/2016/texmf-dist/tex/generic/pgf/basiclayer/pgfcoregraphicst
ate.code.tex
File: pgfcoregraphicstate.code.tex 2014/11/02  (rcs-revision 1.12)
\pgflinewidth=\dimen143
)
(/usr/local/texlive/2016/texmf-dist/tex/generic/pgf/basiclayer/pgfcoretransform
ations.code.tex
File: pgfcoretransformations.code.tex 2015/08/07  (rcs-revision 1.20)
\pgf@pt@x=\dimen144
\pgf@pt@y=\dimen145
\pgf@pt@temp=\dimen146
)
(/usr/local/texlive/2016/texmf-dist/tex/generic/pgf/basiclayer/pgfcorequick.cod
e.tex
File: pgfcorequick.code.tex 2008/10/09  (rcs-revision 1.3)
)
(/usr/local/texlive/2016/texmf-dist/tex/generic/pgf/basiclayer/pgfcoreobjects.c
ode.tex
File: pgfcoreobjects.code.tex 2006/10/11  (rcs-revision 1.2)
)
(/usr/local/texlive/2016/texmf-dist/tex/generic/pgf/basiclayer/pgfcorepathproce
ssing.code.tex
File: pgfcorepathprocessing.code.tex 2013/09/09  (rcs-revision 1.9)
)
(/usr/local/texlive/2016/texmf-dist/tex/generic/pgf/basiclayer/pgfcorearrows.co
de.tex
File: pgfcorearrows.code.tex 2015/05/14  (rcs-revision 1.43)
\pgfarrowsep=\dimen147
)
(/usr/local/texlive/2016/texmf-dist/tex/generic/pgf/basiclayer/pgfcoreshade.cod
e.tex
File: pgfcoreshade.code.tex 2013/07/15  (rcs-revision 1.15)
\pgf@max=\dimen148
\pgf@sys@shading@range@num=\count101
)
(/usr/local/texlive/2016/texmf-dist/tex/generic/pgf/basiclayer/pgfcoreimage.cod
e.tex
File: pgfcoreimage.code.tex 2013/07/15  (rcs-revision 1.18)

(/usr/local/texlive/2016/texmf-dist/tex/generic/pgf/basiclayer/pgfcoreexternal.
code.tex
File: pgfcoreexternal.code.tex 2014/07/09  (rcs-revision 1.21)
\pgfexternal@startupbox=\box31
))
(/usr/local/texlive/2016/texmf-dist/tex/generic/pgf/basiclayer/pgfcorelayers.co
de.tex
File: pgfcorelayers.code.tex 2013/07/18  (rcs-revision 1.7)
)
(/usr/local/texlive/2016/texmf-dist/tex/generic/pgf/basiclayer/pgfcoretranspare
ncy.code.tex
File: pgfcoretransparency.code.tex 2013/09/30  (rcs-revision 1.5)
)
(/usr/local/texlive/2016/texmf-dist/tex/generic/pgf/basiclayer/pgfcorepatterns.
code.tex
File: pgfcorepatterns.code.tex 2013/11/07  (rcs-revision 1.5)
)))
(/usr/local/texlive/2016/texmf-dist/tex/generic/pgf/modules/pgfmoduleshapes.cod
e.tex
File: pgfmoduleshapes.code.tex 2014/03/21  (rcs-revision 1.35)
\pgfnodeparttextbox=\box32
)
(/usr/local/texlive/2016/texmf-dist/tex/generic/pgf/modules/pgfmoduleplot.code.
tex
File: pgfmoduleplot.code.tex 2015/08/03  (rcs-revision 1.13)
)
(/usr/local/texlive/2016/texmf-dist/tex/latex/pgf/compatibility/pgfcomp-version
-0-65.sty
Package: pgfcomp-version-0-65 2007/07/03 v3.0.1a (rcs-revision 1.7)
\pgf@nodesepstart=\dimen149
\pgf@nodesepend=\dimen150
)
(/usr/local/texlive/2016/texmf-dist/tex/latex/pgf/compatibility/pgfcomp-version
-1-18.sty
Package: pgfcomp-version-1-18 2007/07/23 v3.0.1a (rcs-revision 1.1)
)) (/usr/local/texlive/2016/texmf-dist/tex/latex/tools/verbatim.sty
Package: verbatim 2014/10/28 v1.5q LaTeX2e package for verbatim enhancements
\every@verbatim=\toks27
\verbatim@line=\toks28
\verbatim@in@stream=\read2
)
(/usr/local/texlive/2016/texmf-dist/tex/latex/environ/environ.sty
Package: environ 2014/05/04 v0.3 A new way to define environments

(/usr/local/texlive/2016/texmf-dist/tex/latex/trimspaces/trimspaces.sty
Package: trimspaces 2009/09/17 v1.1 Trim spaces around a token list
)
\@envbody=\toks29
)
(/usr/local/texlive/2016/texmf-dist/tex/latex/etoolbox/etoolbox.sty
Package: etoolbox 2015/08/02 v2.2a e-TeX tools for LaTeX (JAW)
\etb@tempcnta=\count102
)
\tcb@titlebox=\box33
\tcb@upperbox=\box34
\tcb@lowerbox=\box35
\tcb@phantombox=\box36
\c@tcbbreakpart=\count103
\c@tcblayer=\count104
\tcolorbox@number=\count105
\tcb@temp=\box37
\tcb@temp=\box38
\tcb@temp=\box39
\tcb@temp=\box40
\tcb@out=\write4
\tcb@record@out=\write5

(/usr/local/texlive/2016/texmf-dist/tex/latex/tcolorbox/tcblistings.code.tex
Library (tcolorbox): 'tcblistings.code.tex' version '3.91'
(/usr/local/texlive/2016/texmf-dist/tex/latex/listings/listings.sty
\lst@mode=\count106
\lst@gtempboxa=\box41
\lst@token=\toks30
\lst@length=\count107
\lst@currlwidth=\dimen151
\lst@column=\count108
\lst@pos=\count109
\lst@lostspace=\dimen152
\lst@width=\dimen153
\lst@newlines=\count110
\lst@lineno=\count111
\lst@maxwidth=\dimen154

(/usr/local/texlive/2016/texmf-dist/tex/latex/listings/lstmisc.sty
File: lstmisc.sty 2015/06/04 1.6 (Carsten Heinz)
\c@lstnumber=\count112
\lst@skipnumbers=\count113
\lst@framebox=\box42
)
(/usr/local/texlive/2016/texmf-dist/tex/latex/listings/listings.cfg
File: listings.cfg 2015/06/04 1.6 listings configuration
))
Package: listings 2015/06/04 1.6 (Carsten Heinz)

(/usr/local/texlive/2016/texmf-dist/tex/latex/tcolorbox/tcblistingscore.code.te
x
Library (tcolorbox): 'tcblistingscore.code.tex' version '3.91'
(/usr/local/texlive/2016/texmf-dist/tex/generic/oberdiek/pdftexcmds.sty
Package: pdftexcmds 2016/05/10 v0.21 Utility functions of pdfTeX for LuaTeX (HO
)

(/usr/local/texlive/2016/texmf-dist/tex/generic/oberdiek/ifluatex.sty
Package: ifluatex 2016/05/16 v1.4 Provides the ifluatex switch (HO)
Package ifluatex Info: LuaTeX not detected.
)
Package pdftexcmds Info: LuaTeX not detected.
Package pdftexcmds Info: \pdf@primitive is available.
Package pdftexcmds Info: \pdf@ifprimitive is available.
Package pdftexcmds Info: \pdfdraftmode found.
)
\c@tcblisting=\count114
)))
(/usr/local/texlive/2016/texmf-dist/tex/latex/amsmath/amsmath.sty
Package: amsmath 2016/03/10 v2.15b AMS math features
\@mathmargin=\skip45

For additional information on amsmath, use the `?' option.
(/usr/local/texlive/2016/texmf-dist/tex/latex/amsmath/amstext.sty
Package: amstext 2000/06/29 v2.01 AMS text

(/usr/local/texlive/2016/texmf-dist/tex/latex/amsmath/amsgen.sty
File: amsgen.sty 1999/11/30 v2.0 generic functions
\@emptytoks=\toks31
\ex@=\dimen155
))
(/usr/local/texlive/2016/texmf-dist/tex/latex/amsmath/amsbsy.sty
Package: amsbsy 1999/11/29 v1.2d Bold Symbols
\pmbraise@=\dimen156
)
(/usr/local/texlive/2016/texmf-dist/tex/latex/amsmath/amsopn.sty
Package: amsopn 2016/03/08 v2.02 operator names
)
\inf@bad=\count115
LaTeX Info: Redefining \frac on input line 199.
\uproot@=\count116
\leftroot@=\count117
LaTeX Info: Redefining \overline on input line 297.
\classnum@=\count118
\DOTSCASE@=\count119
LaTeX Info: Redefining \ldots on input line 394.
LaTeX Info: Redefining \dots on input line 397.
LaTeX Info: Redefining \cdots on input line 518.
\Mathstrutbox@=\box43
\strutbox@=\box44
\big@size=\dimen157
LaTeX Font Info:    Redeclaring font encoding OML on input line 634.
LaTeX Font Info:    Redeclaring font encoding OMS on input line 635.
\macc@depth=\count120
\c@MaxMatrixCols=\count121
\dotsspace@=\muskip10
\c@parentequation=\count122
\dspbrk@lvl=\count123
\tag@help=\toks32
\row@=\count124
\column@=\count125
\maxfields@=\count126
\andhelp@=\toks33
\eqnshift@=\dimen158
\alignsep@=\dimen159
\tagshift@=\dimen160
\tagwidth@=\dimen161
\totwidth@=\dimen162
\lineht@=\dimen163
\@envbody=\toks34
\multlinegap=\skip46
\multlinetaggap=\skip47
\mathdisplay@stack=\toks35
LaTeX Info: Redefining \[ on input line 2739.
LaTeX Info: Redefining \] on input line 2740.
)
(/usr/local/texlive/2016/texmf-dist/tex/latex/tools/bm.sty
Package: bm 2016/02/27 v1.2a Bold Symbol Support (DPC/FMi)
\symboldoperators=\mathgroup6
\symboldletters=\mathgroup7
\symboldsymbols=\mathgroup8
LaTeX Font Info:    Redeclaring math alphabet \mathbf on input line 142.
LaTeX Info: Redefining \bm on input line 208.
)
(/usr/local/texlive/2016/texmf-dist/tex/latex/hyperref/hyperref.sty
Package: hyperref 2016/05/05 v6.83n Hypertext links for LaTeX

(/usr/local/texlive/2016/texmf-dist/tex/generic/oberdiek/hobsub-hyperref.sty
Package: hobsub-hyperref 2016/05/16 v1.14 Bundle oberdiek, subset hyperref (HO)


(/usr/local/texlive/2016/texmf-dist/tex/generic/oberdiek/hobsub-generic.sty
Package: hobsub-generic 2016/05/16 v1.14 Bundle oberdiek, subset generic (HO)
Package: hobsub 2016/05/16 v1.14 Construct package bundles (HO)
Package hobsub Info: Skipping package `infwarerr' (already loaded).
Package hobsub Info: Skipping package `ltxcmds' (already loaded).
Package hobsub Info: Skipping package `ifluatex' (already loaded).
Package hobsub Info: Skipping package `ifvtex' (already loaded).
Package: intcalc 2016/05/16 v1.2 Expandable calculations with integers (HO)
Package hobsub Info: Skipping package `ifpdf' (already loaded).
Package: etexcmds 2016/05/16 v1.6 Avoid name clashes with e-TeX commands (HO)
Package etexcmds Info: Could not find \expanded.
(etexcmds)             That can mean that you are not using pdfTeX 1.50 or
(etexcmds)             that some package has redefined \expanded.
(etexcmds)             In the latter case, load this package earlier.
Package: kvsetkeys 2016/05/16 v1.17 Key value parser (HO)
Package: kvdefinekeys 2016/05/16 v1.4 Define keys (HO)
Package hobsub Info: Skipping package `pdftexcmds' (already loaded).
Package: pdfescape 2016/05/16 v1.14 Implements pdfTeX's escape features (HO)
Package: bigintcalc 2016/05/16 v1.4 Expandable calculations on big integers (HO
)
Package: bitset 2016/05/16 v1.2 Handle bit-vector datatype (HO)
Package: uniquecounter 2016/05/16 v1.3 Provide unlimited unique counter (HO)
)
Package hobsub Info: Skipping package `hobsub' (already loaded).
Package: letltxmacro 2016/05/16 v1.5 Let assignment for LaTeX macros (HO)
Package: hopatch 2016/05/16 v1.3 Wrapper for package hooks (HO)
Package: xcolor-patch 2016/05/16 xcolor patch
Package: atveryend 2016/05/16 v1.9 Hooks at the very end of document (HO)
Package: atbegshi 2016/05/16 v1.17 At begin shipout hook (HO)
Package: refcount 2016/05/16 v3.5 Data extraction from label references (HO)
Package: hycolor 2016/05/16 v1.8 Color options for hyperref/bookmark (HO)
)
(/usr/local/texlive/2016/texmf-dist/tex/latex/oberdiek/auxhook.sty
Package: auxhook 2016/05/16 v1.4 Hooks for auxiliary files (HO)
)
(/usr/local/texlive/2016/texmf-dist/tex/latex/oberdiek/kvoptions.sty
Package: kvoptions 2016/05/16 v3.12 Key value format for package options (HO)
)
\@linkdim=\dimen164
\Hy@linkcounter=\count127
\Hy@pagecounter=\count128

(/usr/local/texlive/2016/texmf-dist/tex/latex/hyperref/pd1enc.def
File: pd1enc.def 2016/05/05 v6.83n Hyperref: PDFDocEncoding definition (HO)
)
\Hy@SavedSpaceFactor=\count129

(/usr/local/texlive/2016/texmf-dist/tex/latex/latexconfig/hyperref.cfg
File: hyperref.cfg 2002/06/06 v1.2 hyperref configuration of TeXLive
)
Package hyperref Info: Hyper figures OFF on input line 4446.
Package hyperref Info: Link nesting OFF on input line 4451.
Package hyperref Info: Hyper index ON on input line 4454.
Package hyperref Info: Plain pages OFF on input line 4461.
Package hyperref Info: Backreferencing OFF on input line 4466.
Package hyperref Info: Implicit mode ON; LaTeX internals redefined.
Package hyperref Info: Bookmarks ON on input line 4691.
\c@Hy@tempcnt=\count130

(/usr/local/texlive/2016/texmf-dist/tex/latex/url/url.sty
\Urlmuskip=\muskip11
Package: url 2013/09/16  ver 3.4  Verb mode for urls, etc.
)
LaTeX Info: Redefining \url on input line 5044.
\XeTeXLinkMargin=\dimen165
\Fld@menulength=\count131
\Field@Width=\dimen166
\Fld@charsize=\dimen167
Package hyperref Info: Hyper figures OFF on input line 6298.
Package hyperref Info: Link nesting OFF on input line 6303.
Package hyperref Info: Hyper index ON on input line 6306.
Package hyperref Info: backreferencing OFF on input line 6313.
Package hyperref Info: Link coloring OFF on input line 6318.
Package hyperref Info: Link coloring with OCG OFF on input line 6323.
Package hyperref Info: PDF/A mode OFF on input line 6328.
LaTeX Info: Redefining \ref on input line 6368.
LaTeX Info: Redefining \pageref on input line 6372.
\Hy@abspage=\count132
\c@Item=\count133
\c@Hfootnote=\count134
)

Package hyperref Message: Driver (autodetected): hpdftex.

(/usr/local/texlive/2016/texmf-dist/tex/latex/hyperref/hpdftex.def
File: hpdftex.def 2016/05/05 v6.83n Hyperref driver for pdfTeX
\Fld@listcount=\count135
\c@bookmark@seq@number=\count136

(/usr/local/texlive/2016/texmf-dist/tex/latex/oberdiek/rerunfilecheck.sty
Package: rerunfilecheck 2016/05/16 v1.8 Rerun checks for auxiliary files (HO)
Package uniquecounter Info: New unique counter `rerunfilecheck' on input line 2
82.
)
\Hy@SectionHShift=\skip48
)
(/usr/local/texlive/2016/texmf-dist/tex/latex/mathtools/mathtools.sty
Package: mathtools 2015/11/12 v1.18 mathematical typesetting tools

(/usr/local/texlive/2016/texmf-dist/tex/latex/tools/calc.sty
Package: calc 2014/10/28 v4.3 Infix arithmetic (KKT,FJ)
\calc@Acount=\count137
\calc@Bcount=\count138
\calc@Adimen=\dimen168
\calc@Bdimen=\dimen169
\calc@Askip=\skip49
\calc@Bskip=\skip50
LaTeX Info: Redefining \setlength on input line 80.
LaTeX Info: Redefining \addtolength on input line 81.
\calc@Ccount=\count139
\calc@Cskip=\skip51
)
(/usr/local/texlive/2016/texmf-dist/tex/latex/mathtools/mhsetup.sty
Package: mhsetup 2010/01/21 v1.2a programming setup (MH)
)
LaTeX Info: Thecontrolsequence`\('isalreadyrobust on input line 129.
LaTeX Info: Thecontrolsequence`\)'isalreadyrobust on input line 129.
LaTeX Info: Thecontrolsequence`\['isalreadyrobust on input line 129.
LaTeX Info: Thecontrolsequence`\]'isalreadyrobust on input line 129.
\g_MT_multlinerow_int=\count140
\l_MT_multwidth_dim=\dimen170
\origjot=\skip52
\l_MT_shortvdotswithinadjustabove_dim=\dimen171
\l_MT_shortvdotswithinadjustbelow_dim=\dimen172
\l_MT_above_intertext_sep=\dimen173
\l_MT_below_intertext_sep=\dimen174
\l_MT_above_shortintertext_sep=\dimen175
\l_MT_below_shortintertext_sep=\dimen176
)
(/usr/local/texlive/2016/texmf-dist/tex/latex/tools/longtable.sty
Package: longtable 2014/10/28 v4.11 Multi-page Table package (DPC)
\LTleft=\skip53
\LTright=\skip54
\LTpre=\skip55
\LTpost=\skip56
\LTchunksize=\count141
\LTcapwidth=\dimen177
\LT@head=\box45
\LT@firsthead=\box46
\LT@foot=\box47
\LT@lastfoot=\box48
\LT@cols=\count142
\LT@rows=\count143
\c@LT@tables=\count144
\c@LT@chunks=\count145
\LT@p@ftn=\toks36
)
(/usr/local/texlive/2016/texmf-dist/tex/latex/tools/array.sty
Package: array 2014/10/28 v2.4c Tabular extension package (FMi)
\col@sep=\dimen178
\extrarowheight=\dimen179
\NC@list=\toks37
\extratabsurround=\skip57
\backup@length=\skip58
)
(/usr/local/texlive/2016/texmf-dist/tex/latex/tools/enumerate.sty
Package: enumerate 2015/07/23 v3.00 enumerate extensions (DPC)
\@enLab=\toks38
)
(/usr/local/texlive/2016/texmf-dist/tex/latex/placeins/placeins.sty
Package: placeins 2005/04/18  v 2.2
)
(/usr/local/texlive/2016/texmf-dist/tex/latex/natbib/bibentry.sty
Package: bibentry 2007/10/30 1.5 (PWD)
)
(./HERCULES_users_manual_v1.0.1.bbl)
(/usr/local/texlive/2016/texmf-dist/tex/latex/listings/lstlang1.sty
File: lstlang1.sty 2015/06/04 1.6 listings language file
)
(/usr/local/texlive/2016/texmf-dist/tex/latex/listings/lstlang1.sty
File: lstlang1.sty 2015/06/04 1.6 listings language file
)
(./HERCULES_users_manual_v1.0.1.aux

LaTeX Warning: Label `HUG:tab:EOS_files' multiply defined.

)
\openout1 = `HERCULES_users_manual_v1.0.1.aux'.

LaTeX Font Info:    Checking defaults for OML/cmm/m/it on input line 97.
LaTeX Font Info:    ... okay on input line 97.
LaTeX Font Info:    Checking defaults for T1/cmr/m/n on input line 97.
LaTeX Font Info:    ... okay on input line 97.
LaTeX Font Info:    Checking defaults for OT1/cmr/m/n on input line 97.
LaTeX Font Info:    ... okay on input line 97.
LaTeX Font Info:    Checking defaults for OMS/cmsy/m/n on input line 97.
LaTeX Font Info:    ... okay on input line 97.
LaTeX Font Info:    Checking defaults for OMX/cmex/m/n on input line 97.
LaTeX Font Info:    ... okay on input line 97.
LaTeX Font Info:    Checking defaults for U/cmr/m/n on input line 97.
LaTeX Font Info:    ... okay on input line 97.
LaTeX Font Info:    Checking defaults for PD1/pdf/m/n on input line 97.
LaTeX Font Info:    ... okay on input line 97.

*geometry* driver: auto-detecting
*geometry* detected driver: pdftex
*geometry* verbose mode - [ preamble ] result:
* driver: pdftex
* paper: letterpaper
* layout: <same size as paper>
* layoutoffset:(h,v)=(0.0pt,0.0pt)
* modes: 
* h-part:(L,W,R)=(92.14519pt, 430.00462pt, 92.14519pt)
* v-part:(T,H,B)=(95.39737pt, 556.47656pt, 143.09605pt)
* \paperwidth=614.295pt
* \paperheight=794.96999pt
* \textwidth=430.00462pt
* \textheight=556.47656pt
* \oddsidemargin=19.8752pt
* \evensidemargin=19.8752pt
* \topmargin=-13.87262pt
* \headheight=12.0pt
* \headsep=25.0pt
* \topskip=11.0pt
* \footskip=30.0pt
* \marginparwidth=59.0pt
* \marginparsep=10.0pt
* \columnsep=10.0pt
* \skip\footins=10.0pt plus 4.0pt minus 2.0pt
* \hoffset=0.0pt
* \voffset=0.0pt
* \mag=1000
* \@twocolumnfalse
* \@twosidefalse
* \@mparswitchfalse
* \@reversemarginfalse
* (1in=72.27pt=25.4mm, 1cm=28.453pt)

(/usr/local/texlive/2016/texmf-dist/tex/context/base/mkii/supp-pdf.mkii
[Loading MPS to PDF converter (version 2006.09.02).]
\scratchcounter=\count146
\scratchdimen=\dimen180
\scratchbox=\box49
\nofMPsegments=\count147
\nofMParguments=\count148
\everyMPshowfont=\toks39
\MPscratchCnt=\count149
\MPscratchDim=\dimen181
\MPnumerator=\count150
\makeMPintoPDFobject=\count151
\everyMPtoPDFconversion=\toks40
) (/usr/local/texlive/2016/texmf-dist/tex/latex/oberdiek/epstopdf-base.sty
Package: epstopdf-base 2016/05/15 v2.6 Base part for package epstopdf

(/usr/local/texlive/2016/texmf-dist/tex/latex/oberdiek/grfext.sty
Package: grfext 2016/05/16 v1.2 Manage graphics extensions (HO)
)
Package grfext Info: Graphics extension search list:
(grfext)             [.png,.pdf,.jpg,.mps,.jpeg,.jbig2,.jb2,.PNG,.PDF,.JPG,.JPE
G,.JBIG2,.JB2,.eps]
(grfext)             \AppendGraphicsExtensions on input line 456.

(/usr/local/texlive/2016/texmf-dist/tex/latex/latexconfig/epstopdf-sys.cfg
File: epstopdf-sys.cfg 2010/07/13 v1.3 Configuration of (r)epstopdf for TeX Liv
e
))
ABD: EveryShipout initializing macros
\c@lstlisting=\count152
\AtBeginShipoutBox=\box50
Package hyperref Info: Link coloring OFF on input line 97.

(/usr/local/texlive/2016/texmf-dist/tex/latex/hyperref/nameref.sty
Package: nameref 2012/10/27 v2.43 Cross-referencing by name of section

(/usr/local/texlive/2016/texmf-dist/tex/generic/oberdiek/gettitlestring.sty
Package: gettitlestring 2016/05/16 v1.5 Cleanup title references (HO)
)
\c@section@level=\count153
)
LaTeX Info: Redefining \ref on input line 97.
LaTeX Info: Redefining \pageref on input line 97.
LaTeX Info: Redefining \nameref on input line 97.

(./HERCULES_users_manual_v1.0.1.out) (./HERCULES_users_manual_v1.0.1.out)
\@outlinefile=\write6
\openout6 = `HERCULES_users_manual_v1.0.1.out'.

LaTeX Font Info:    Try loading font information for U+msa on input line 99.

(/usr/local/texlive/2016/texmf-dist/tex/latex/amsfonts/umsa.fd
File: umsa.fd 2013/01/14 v3.01 AMS symbols A
)
LaTeX Font Info:    Try loading font information for U+msb on input line 99.

(/usr/local/texlive/2016/texmf-dist/tex/latex/amsfonts/umsb.fd
File: umsb.fd 2013/01/14 v3.01 AMS symbols B
)
(./HERCULES_users_manual_v1.0.1.toc [1

{/usr/local/texlive/2016/texmf-var/fonts/map/pdftex/updmap/pdftex.map}] [2])
\tf@toc=\write7
\openout7 = `HERCULES_users_manual_v1.0.1.toc'.

 [3]
LaTeX Font Info:    Try loading font information for OMS+cmtt on input line 166
.
LaTeX Font Info:    No file OMScmtt.fd. on input line 166.


LaTeX Font Warning: Font shape `OMS/cmtt/m/n' undefined
(Font)              using `OMS/cmsy/m/n' instead
(Font)              for symbol `textbraceleft' on input line 166.

[4


]
Overfull \hbox (16.32881pt too wide) in paragraph at lines 199--202
\OT1/cmr/m/n/10.95 The code was de-vel-oped by S. J. Lock while on an NESSF, NA
SA grant num-ber NNX13AO67H.
 []

[5] [6] <Figures/HERCULES_regime_diagram2.pdf, id=483, 433.62pt x 408.52625pt>
File: Figures/HERCULES_regime_diagram2.pdf Graphic file (type pdf)

<use Figures/HERCULES_regime_diagram2.pdf>
Package pdftex.def Info: Figures/HERCULES_regime_diagram2.pdf used on input lin
e 277.
(pdftex.def)             Requested size: 361.34691pt x 340.43562pt.


Package hyperref Warning: Token not allowed in a PDF string (PDFDocEncoding):
(hyperref)                removing `math shift' on input line 284.


Package hyperref Warning: Token not allowed in a PDF string (PDFDocEncoding):
(hyperref)                removing `math shift' on input line 284.


Package hyperref Warning: Token not allowed in a PDF string (PDFDocEncoding):
(hyperref)                removing `math shift' on input line 284.


Package hyperref Warning: Token not allowed in a PDF string (PDFDocEncoding):
(hyperref)                removing `\leq' on input line 284.


Package hyperref Warning: Token not allowed in a PDF string (PDFDocEncoding):
(hyperref)                removing `math shift' on input line 284.


Package hyperref Warning: Token not allowed in a PDF string (PDFDocEncoding):
(hyperref)                removing `math shift' on input line 284.


Package hyperref Warning: Token not allowed in a PDF string (PDFDocEncoding):
(hyperref)                removing `math shift' on input line 284.

[7] [8 <./Figures/HERCULES_regime_diagram2.pdf>] [9]

Package hyperref Warning: Token not allowed in a PDF string (PDFDocEncoding):
(hyperref)                removing `math shift' on input line 367.


Package hyperref Warning: Token not allowed in a PDF string (PDFDocEncoding):
(hyperref)                removing `math shift' on input line 367.


Package hyperref Warning: Token not allowed in a PDF string (PDFDocEncoding):
(hyperref)                removing `math shift' on input line 367.


Package hyperref Warning: Token not allowed in a PDF string (PDFDocEncoding):
(hyperref)                removing `math shift' on input line 367.


Package hyperref Warning: Token not allowed in a PDF string (PDFDocEncoding):
(hyperref)                removing `math shift' on input line 367.


Package hyperref Warning: Token not allowed in a PDF string (PDFDocEncoding):
(hyperref)                removing `math shift' on input line 367.


Package hyperref Warning: Token not allowed in a PDF string (PDFDocEncoding):
(hyperref)                removing `math shift' on input line 367.


Package hyperref Warning: Token not allowed in a PDF string (PDFDocEncoding):
(hyperref)                removing `math shift' on input line 367.

[10] [11]

Package hyperref Warning: Token not allowed in a PDF string (PDFDocEncoding):
(hyperref)                removing `math shift' on input line 427.


Package hyperref Warning: Token not allowed in a PDF string (PDFDocEncoding):
(hyperref)                removing `math shift' on input line 427.


Package hyperref Warning: Token not allowed in a PDF string (PDFDocEncoding):
(hyperref)                removing `math shift' on input line 427.


Package hyperref Warning: Token not allowed in a PDF string (PDFDocEncoding):
(hyperref)                removing `math shift' on input line 427.


Package hyperref Warning: Token not allowed in a PDF string (PDFDocEncoding):
(hyperref)                removing `math shift' on input line 427.


Package hyperref Warning: Token not allowed in a PDF string (PDFDocEncoding):
(hyperref)                removing `math shift' on input line 427.


Package hyperref Warning: Token not allowed in a PDF string (PDFDocEncoding):
(hyperref)                removing `math shift' on input line 427.


Package hyperref Warning: Token not allowed in a PDF string (PDFDocEncoding):
(hyperref)                removing `math shift' on input line 427.


Package hyperref Warning: Token not allowed in a PDF string (PDFDocEncoding):
(hyperref)                removing `math shift' on input line 427.


Package hyperref Warning: Token not allowed in a PDF string (PDFDocEncoding):
(hyperref)                removing `math shift' on input line 427.


Package hyperref Warning: Token not allowed in a PDF string (PDFDocEncoding):
(hyperref)                removing `math shift' on input line 434.


Package hyperref Warning: Token not allowed in a PDF string (PDFDocEncoding):
(hyperref)                removing `math shift' on input line 434.


Package hyperref Warning: Token not allowed in a PDF string (PDFDocEncoding):
(hyperref)                removing `math shift' on input line 434.


Package hyperref Warning: Token not allowed in a PDF string (PDFDocEncoding):
(hyperref)                removing `\geq' on input line 434.


Package hyperref Warning: Token not allowed in a PDF string (PDFDocEncoding):
(hyperref)                removing `math shift' on input line 434.


Package hyperref Warning: Token not allowed in a PDF string (PDFDocEncoding):
(hyperref)                removing `math shift' on input line 434.


Package hyperref Warning: Token not allowed in a PDF string (PDFDocEncoding):
(hyperref)                removing `math shift' on input line 434.

<Figures/HERCULES_schematic4.pdf, id=599, 303.534pt x 572.1375pt>
File: Figures/HERCULES_schematic4.pdf Graphic file (type pdf)

<use Figures/HERCULES_schematic4.pdf>
Package pdftex.def Info: Figures/HERCULES_schematic4.pdf used on input line 462
.
(pdftex.def)             Requested size: 252.94283pt x 476.77716pt.
 [12] [13 <./Figures/HERCULES_schematic4.pdf>] [14pdfTeX warning (ext4): destin
ation with the same identifier (name{figure.2}) has been already used, duplicat
e ignored

\@EveryShipout@Output ...@Org@Shipout \box \@cclv 
                                                  
l.537 \end{align}
                 ] [15] [16] [17] [18] [19] [20]

LaTeX Warning: No positions in optional float specifier.
               Default added (so using `tbp') on input line 703.

<Figures/HERCULES_algorythm2.pdf, id=765, 628.03033pt x 773.55699pt>
File: Figures/HERCULES_algorythm2.pdf Graphic file (type pdf)

<use Figures/HERCULES_algorythm2.pdf>
Package pdftex.def Info: Figures/HERCULES_algorythm2.pdf used on input line 705
.
(pdftex.def)             Requested size: 365.50655pt x 504.55365pt.


Package hyperref Warning: Token not allowed in a PDF string (PDFDocEncoding):
(hyperref)                removing `math shift' on input line 720.


Package hyperref Warning: Token not allowed in a PDF string (PDFDocEncoding):
(hyperref)                removing `subscript' on input line 720.


Package hyperref Warning: Token not allowed in a PDF string (PDFDocEncoding):
(hyperref)                removing `math shift' on input line 720.


Package hyperref Warning: Token not allowed in a PDF string (PDFDocEncoding):
(hyperref)                removing `math shift' on input line 758.


Package hyperref Warning: Token not allowed in a PDF string (PDFDocEncoding):
(hyperref)                removing `subscript' on input line 758.


Package hyperref Warning: Token not allowed in a PDF string (PDFDocEncoding):
(hyperref)                removing `math shift' on input line 758.

[21

] [22 <./Figures/HERCULES_algorythm2.pdf>] [23] [24]

Package hyperref Warning: Token not allowed in a PDF string (PDFDocEncoding):
(hyperref)                removing `math shift' on input line 855.


Package hyperref Warning: Token not allowed in a PDF string (PDFDocEncoding):
(hyperref)                removing `subscript' on input line 855.


Package hyperref Warning: Token not allowed in a PDF string (PDFDocEncoding):
(hyperref)                removing `math shift' on input line 855.


Package hyperref Warning: Token not allowed in a PDF string (PDFDocEncoding):
(hyperref)                removing `math shift' on input line 863.


Package hyperref Warning: Token not allowed in a PDF string (PDFDocEncoding):
(hyperref)                removing `subscript' on input line 863.


Package hyperref Warning: Token not allowed in a PDF string (PDFDocEncoding):
(hyperref)                removing `math shift' on input line 863.

[25]

Package hyperref Warning: Token not allowed in a PDF string (PDFDocEncoding):
(hyperref)                removing `math shift' on input line 896.


Package hyperref Warning: Token not allowed in a PDF string (PDFDocEncoding):
(hyperref)                removing `subscript' on input line 896.


Package hyperref Warning: Token not allowed in a PDF string (PDFDocEncoding):
(hyperref)                removing `math shift' on input line 896.

[26]

Package hyperref Warning: Token not allowed in a PDF string (PDFDocEncoding):
(hyperref)                removing `math shift' on input line 983.


Package hyperref Warning: Token not allowed in a PDF string (PDFDocEncoding):
(hyperref)                removing `subscript' on input line 983.


Package hyperref Warning: Token not allowed in a PDF string (PDFDocEncoding):
(hyperref)                removing `math shift' on input line 983.

[27]

Package hyperref Warning: Token not allowed in a PDF string (PDFDocEncoding):
(hyperref)                removing `math shift' on input line 991.


Package hyperref Warning: Token not allowed in a PDF string (PDFDocEncoding):
(hyperref)                removing `\omega' on input line 991.


Package hyperref Warning: Token not allowed in a PDF string (PDFDocEncoding):
(hyperref)                removing `math shift' on input line 991.


Package hyperref Warning: Token not allowed in a PDF string (PDFDocEncoding):
(hyperref)                removing `math shift' on input line 991.


Package hyperref Warning: Token not allowed in a PDF string (PDFDocEncoding):
(hyperref)                removing `subscript' on input line 991.


Package hyperref Warning: Token not allowed in a PDF string (PDFDocEncoding):
(hyperref)                removing `math shift' on input line 991.

[28] [29] [30]

Package hyperref Warning: Token not allowed in a PDF string (PDFDocEncoding):
(hyperref)                removing `math shift' on input line 1182.


Package hyperref Warning: Token not allowed in a PDF string (PDFDocEncoding):
(hyperref)                removing `subscript' on input line 1182.


Package hyperref Warning: Token not allowed in a PDF string (PDFDocEncoding):
(hyperref)                removing `\xi' on input line 1182.


Package hyperref Warning: Token not allowed in a PDF string (PDFDocEncoding):
(hyperref)                removing `\mu' on input line 1182.


Package hyperref Warning: Token not allowed in a PDF string (PDFDocEncoding):
(hyperref)                removing `subscript' on input line 1182.


Package hyperref Warning: Token not allowed in a PDF string (PDFDocEncoding):
(hyperref)                removing `math shift' on input line 1182.

[31]

Package hyperref Warning: Token not allowed in a PDF string (PDFDocEncoding):
(hyperref)                removing `math shift' on input line 1238.


Package hyperref Warning: Token not allowed in a PDF string (PDFDocEncoding):
(hyperref)                removing `subscript' on input line 1238.


Package hyperref Warning: Token not allowed in a PDF string (PDFDocEncoding):
(hyperref)                removing `\xi' on input line 1238.


Package hyperref Warning: Token not allowed in a PDF string (PDFDocEncoding):
(hyperref)                removing `\mu' on input line 1238.


Package hyperref Warning: Token not allowed in a PDF string (PDFDocEncoding):
(hyperref)                removing `subscript' on input line 1238.


Package hyperref Warning: Token not allowed in a PDF string (PDFDocEncoding):
(hyperref)                removing `math shift' on input line 1238.

[32]

Package hyperref Warning: Token not allowed in a PDF string (PDFDocEncoding):
(hyperref)                removing `math shift' on input line 1268.


Package hyperref Warning: Token not allowed in a PDF string (PDFDocEncoding):
(hyperref)                removing `subscript' on input line 1268.


Package hyperref Warning: Token not allowed in a PDF string (PDFDocEncoding):
(hyperref)                removing `\xi' on input line 1268.


Package hyperref Warning: Token not allowed in a PDF string (PDFDocEncoding):
(hyperref)                removing `\mu' on input line 1268.


Package hyperref Warning: Token not allowed in a PDF string (PDFDocEncoding):
(hyperref)                removing `subscript' on input line 1268.


Package hyperref Warning: Token not allowed in a PDF string (PDFDocEncoding):
(hyperref)                removing `math shift' on input line 1268.


Package hyperref Warning: Token not allowed in a PDF string (PDFDocEncoding):
(hyperref)                removing `math shift' on input line 1268.


Package hyperref Warning: Token not allowed in a PDF string (PDFDocEncoding):
(hyperref)                removing `\ge' on input line 1268.


Package hyperref Warning: Token not allowed in a PDF string (PDFDocEncoding):
(hyperref)                removing `math shift' on input line 1268.


Package hyperref Warning: Token not allowed in a PDF string (PDFDocEncoding):
(hyperref)                removing `math shift' on input line 1297.


Package hyperref Warning: Token not allowed in a PDF string (PDFDocEncoding):
(hyperref)                removing `subscript' on input line 1297.


Package hyperref Warning: Token not allowed in a PDF string (PDFDocEncoding):
(hyperref)                removing `\xi' on input line 1297.


Package hyperref Warning: Token not allowed in a PDF string (PDFDocEncoding):
(hyperref)                removing `\mu' on input line 1297.


Package hyperref Warning: Token not allowed in a PDF string (PDFDocEncoding):
(hyperref)                removing `subscript' on input line 1297.


Package hyperref Warning: Token not allowed in a PDF string (PDFDocEncoding):
(hyperref)                removing `math shift' on input line 1297.

[33]

Package hyperref Warning: Token not allowed in a PDF string (PDFDocEncoding):
(hyperref)                removing `math shift' on input line 1317.


Package hyperref Warning: Token not allowed in a PDF string (PDFDocEncoding):
(hyperref)                removing `subscript' on input line 1317.


Package hyperref Warning: Token not allowed in a PDF string (PDFDocEncoding):
(hyperref)                removing `\xi' on input line 1317.


Package hyperref Warning: Token not allowed in a PDF string (PDFDocEncoding):
(hyperref)                removing `\mu' on input line 1317.


Package hyperref Warning: Token not allowed in a PDF string (PDFDocEncoding):
(hyperref)                removing `subscript' on input line 1317.


Package hyperref Warning: Token not allowed in a PDF string (PDFDocEncoding):
(hyperref)                removing `math shift' on input line 1317.


Package hyperref Warning: Token not allowed in a PDF string (PDFDocEncoding):
(hyperref)                removing `math shift' on input line 1317.


Package hyperref Warning: Token not allowed in a PDF string (PDFDocEncoding):
(hyperref)                removing `\ge' on input line 1317.


Package hyperref Warning: Token not allowed in a PDF string (PDFDocEncoding):
(hyperref)                removing `math shift' on input line 1317.

[34] [35] [36] [37]
LaTeX Font Info:    Font shape `OT1/cmtt/bx/n' in size <12> not available
(Font)              Font shape `OT1/cmtt/m/n' tried instead on input line 1562.

 [38]
Overfull \hbox (9.12157pt too wide) in alignment at lines 1569--1576
 [] [] [] 
 []


Overfull \hbox (9.12157pt too wide) in alignment at lines 1576--1580
 [] [] [] 
 []


Overfull \hbox (9.12157pt too wide) in alignment at lines 1580--1584
 [] [] [] 
 []


Overfull \hbox (9.12157pt too wide) in alignment at lines 1584--1586
 [] [] [] 
 []


Overfull \hbox (9.12157pt too wide) in alignment at lines 1586--1612
 [] [] [] 
 []

[39

]
Overfull \hbox (46.34636pt too wide) in alignment at lines 1626--1633
 [] [] [] 
 []


Overfull \hbox (46.34636pt too wide) in alignment at lines 1633--1637
 [] [] [] 
 []


Overfull \hbox (46.34636pt too wide) in alignment at lines 1637--1641
 [] [] [] 
 []


Overfull \hbox (46.34636pt too wide) in alignment at lines 1641--1643
 [] [] [] 
 []


Overfull \hbox (46.34636pt too wide) in alignment at lines 1643--1668
 [] [] [] 
 []


Underfull \hbox (badness 10000) in paragraph at lines 1686--1687
[]|\OT1/cmr/m/n/10.95 Function to cal-cu-late the grav-i-ta-tional po-ten-
 []


Underfull \hbox (badness 10000) in paragraph at lines 1686--1687
\OT1/cmr/m/n/10.95 tial at a point. Re-quires cal-cu-la-tion of $[]$,
 []


Underfull \hbox (badness 10000) in paragraph at lines 1686--1687
[]\OT1/cmr/m/n/10.95 ([](\OML/cmm/m/it/10.95 ^^V[]\OT1/cmr/m/n/10.95 )\OML/cmm/
m/it/10.95 ; ^^V[]\OT1/cmr/m/n/10.95 )$, $[]([](\OML/cmm/m/it/10.95 ^^V[]\OT1/c
mr/m/n/10.95 )\OML/cmm/m/it/10.95 ; ^^V[]\OT1/cmr/m/n/10.95 )$, $[]$ and $[]$
 []


Underfull \hbox (badness 10000) in paragraph at lines 1686--1687
\OT1/cmr/m/n/10.95 for each spheroid (\OT1/cmtt/m/n/10.95 concentric[]layer.cal
c[]M\OT1/cmr/m/n/10.95 ,
 []


Underfull \hbox (badness 10000) in paragraph at lines 1686--1687
\OT1/cmtt/m/n/10.95 concentric[]layer.precalc[]Nbar\OT1/cmr/m/n/10.95 ,
 []


Underfull \hbox (badness 10000) in paragraph at lines 1686--1687
\OT1/cmtt/m/n/10.95 concentric[]layer.precalc[]Kbar \OT1/cmr/m/n/10.95 and
 []


Underfull \hbox (badness 10000) in paragraph at lines 1689--1690
[]|\OT1/cmr/m/n/10.95 Function to cal-cu-late the present mass of the
 []


Underfull \hbox (badness 1596) in paragraph at lines 1689--1690
\OT1/cmr/m/n/10.95 body. Re-quires cal-cu-la-tion of $\OML/cmm/m/it/10.95 M[]$ 
\OT1/cmr/m/n/10.95 for each spheroid
 []


Overfull \hbox (46.34636pt too wide) in alignment at lines 1668--1690
 [] [] [] 
 []


Underfull \hbox (badness 5431) in paragraph at lines 1690--1691
[]|\OT1/cmr/m/n/10.95 Function to cal-cu-late the to-tal AM of the body.
 []


Underfull \hbox (badness 10000) in paragraph at lines 1690--1691
\OT1/cmr/m/n/10.95 Re-quires cal-cu-la-tion of $\OML/cmm/m/it/10.95 I[]$ \OT1/c
mr/m/n/10.95 for each spheroid
 []


Overfull \hbox (46.34636pt too wide) in alignment at lines 1690--1697
 [] [] [] 
 []

[40

] [41]
Overfull \hbox (45.41658pt too wide) in alignment at lines 1710--1717
 [] [] [] 
 []


Overfull \hbox (45.41658pt too wide) in alignment at lines 1717--1721
 [] [] [] 
 []


Overfull \hbox (45.41658pt too wide) in alignment at lines 1721--1725
 [] [] [] 
 []


Overfull \hbox (45.41658pt too wide) in alignment at lines 1725--1727
 [] [] [] 
 []


Overfull \hbox (45.41658pt too wide) in alignment at lines 1727--1753
 [] [] [] 
 []


Underfull \hbox (badness 1038) in paragraph at lines 1765--1766
[]|\OT1/cmr/m/n/10.95 Function to cal-cu-late the grav-i-ta-tional po-ten-tial 
for a
 []


Underfull \hbox (badness 1038) in paragraph at lines 1766--1767
[]|\OT1/cmr/m/n/10.95 Function to cal-cu-late the grav-i-ta-tional po-ten-tial 
for a
 []


Underfull \hbox (badness 3260) in paragraph at lines 1766--1767
\OT1/cmr/m/n/10.95 point in Regime IV. Re-quires call-ing \OT1/cmtt/m/n/10.95 p
recalc[]Nbar\OT1/cmr/m/n/10.95 ,
 []


Underfull \hbox (badness 1184) in paragraph at lines 1768--1769
[]|\OT1/cmr/m/n/10.95 Function to cal-cu-late $\OML/cmm/m/it/10.95 N[]\OT1/cmr/
m/n/10.95 ([](\OML/cmm/m/it/10.95 ^^V\OT1/cmr/m/n/10.95 )\OML/cmm/m/it/10.95 ; 
^^V\OT1/cmr/m/n/10.95 )$. Re-quires call-ing
 []


Underfull \hbox (badness 1122) in paragraph at lines 1769--1770
[]|\OT1/cmr/m/n/10.95 Function to cal-cu-late $\OML/cmm/m/it/10.95 K[]\OT1/cmr/
m/n/10.95 ([](\OML/cmm/m/it/10.95 ^^V\OT1/cmr/m/n/10.95 )\OML/cmm/m/it/10.95 ; 
^^V\OT1/cmr/m/n/10.95 )$. Re-quires call-ing
 []


Overfull \hbox (45.41658pt too wide) in alignment at lines 1753--1773
 [] [] [] 
 []

[42] [43]
Overfull \hbox (42.01563pt too wide) in alignment at lines 1840--1847
 [] [] 
 []


Overfull \hbox (42.01563pt too wide) in alignment at lines 1847--1851
 [] [] 
 []


Overfull \hbox (42.01563pt too wide) in alignment at lines 1851--1855
 [] [] 
 []


Overfull \hbox (42.01563pt too wide) in alignment at lines 1855--1857
 [] [] 
 []


Underfull \hbox (badness 1038) in paragraph at lines 1874--1875
[]|\OT1/cmr/m/n/10.95 Function to cal-cu-late the grav-i-ta-tional po-ten-tial 
for a
 []


Underfull \hbox (badness 1038) in paragraph at lines 1875--1876
[]|\OT1/cmr/m/n/10.95 Function to cal-cu-late the grav-i-ta-tional po-ten-tial 
for a
 []


Underfull \hbox (badness 3260) in paragraph at lines 1875--1876
\OT1/cmr/m/n/10.95 point in Regime IV. Re-quires call-ing \OT1/cmtt/m/n/10.95 p
recalc[]Nbar\OT1/cmr/m/n/10.95 ,
 []


Underfull \hbox (badness 1184) in paragraph at lines 1877--1878
[]|\OT1/cmr/m/n/10.95 Function to cal-cu-late $\OML/cmm/m/it/10.95 N[]\OT1/cmr/
m/n/10.95 ([](\OML/cmm/m/it/10.95 ^^V\OT1/cmr/m/n/10.95 )\OML/cmm/m/it/10.95 ; 
^^V\OT1/cmr/m/n/10.95 )$. Re-quires call-ing
 []


Underfull \hbox (badness 1122) in paragraph at lines 1878--1879
[]|\OT1/cmr/m/n/10.95 Function to cal-cu-late $\OML/cmm/m/it/10.95 K[]\OT1/cmr/
m/n/10.95 ([](\OML/cmm/m/it/10.95 ^^V\OT1/cmr/m/n/10.95 )\OML/cmm/m/it/10.95 ; 
^^V\OT1/cmr/m/n/10.95 )$. Re-quires call-ing
 []


Overfull \hbox (42.01563pt too wide) in alignment at lines 1857--1880
 [] [] 
 []


Overfull \hbox (42.01563pt too wide) in alignment at lines 1880--1904
 [] [] 
 []

[44]
Overfull \hbox (42.01563pt too wide) in alignment at lines 1904--1929
 [] [] 
 []

[45]
Overfull \hbox (42.01563pt too wide) in alignment at lines 1929--1953
 [] [] 
 []

[46]
Underfull \hbox (badness 10000) in paragraph at lines 1966--1967
[]|\OT1/cmr/m/n/10.95 Function to cal-cu-late the grav-i-ta-tional po-ten-
 []


Underfull \hbox (badness 10000) in paragraph at lines 1966--1967
\OT1/cmr/m/n/10.95 tial at a point. Re-quires cal-cu-la-tion of $[]$,
 []


Underfull \hbox (badness 10000) in paragraph at lines 1966--1967
[]\OT1/cmr/m/n/10.95 ([](\OML/cmm/m/it/10.95 ^^V[]\OT1/cmr/m/n/10.95 )\OML/cmm/
m/it/10.95 ; ^^V[]\OT1/cmr/m/n/10.95 )$, $[]([](\OML/cmm/m/it/10.95 ^^V[]\OT1/c
mr/m/n/10.95 )\OML/cmm/m/it/10.95 ; ^^V[]\OT1/cmr/m/n/10.95 )$, $[]$ and $[]$
 []


Underfull \hbox (badness 10000) in paragraph at lines 1966--1967
\OT1/cmr/m/n/10.95 for each spheroid (\OT1/cmtt/m/n/10.95 concentric[]layer.cal
c[]M\OT1/cmr/m/n/10.95 ,
 []


Underfull \hbox (badness 10000) in paragraph at lines 1966--1967
\OT1/cmtt/m/n/10.95 concentric[]layer.precalc[]Nbar\OT1/cmr/m/n/10.95 ,
 []


Underfull \hbox (badness 10000) in paragraph at lines 1966--1967
\OT1/cmtt/m/n/10.95 concentric[]layer.precalc[]Kbar \OT1/cmr/m/n/10.95 and
 []


Underfull \hbox (badness 10000) in paragraph at lines 1969--1970
[]|\OT1/cmr/m/n/10.95 Function to cal-cu-late the present mass of the
 []


Underfull \hbox (badness 1596) in paragraph at lines 1969--1970
\OT1/cmr/m/n/10.95 body. Re-quires cal-cu-la-tion of $\OML/cmm/m/it/10.95 M[]$ 
\OT1/cmr/m/n/10.95 for each spheroid
 []


Underfull \hbox (badness 5431) in paragraph at lines 1970--1971
[]|\OT1/cmr/m/n/10.95 Function to cal-cu-late the to-tal AM of the body.
 []


Underfull \hbox (badness 10000) in paragraph at lines 1970--1971
\OT1/cmr/m/n/10.95 Re-quires cal-cu-la-tion of $\OML/cmm/m/it/10.95 I[]$ \OT1/c
mr/m/n/10.95 for each spheroid
 []


Underfull \hbox (badness 10000) in paragraph at lines 1971--1972
[]|\OT1/cmr/m/n/10.95 Function to cal-cu-late $\OML/cmm/m/it/10.95 M[]$ \OT1/cm
r/m/n/10.95 for each spheroid.
 []


Underfull \hbox (badness 10000) in paragraph at lines 1971--1972
\OT1/cmr/m/n/10.95 Re-quires cal-cu-la-tion of $\OML/cmm/m/it/10.95 M[]$ \OT1/c
mr/m/n/10.95 for each spheroid
 []


Overfull \hbox (42.01563pt too wide) in alignment at lines 1953--1975
 [] [] 
 []


Overfull \hbox (42.01563pt too wide) in alignment at lines 1975--1997
 [] [] 
 []

[47]
Overfull \hbox (42.01563pt too wide) in alignment at lines 1997--2008
 [] [] 
 []

[48] [49]
Overfull \hbox (9.12157pt too wide) in alignment at lines 2038--2045
 [] [] [] 
 []


Overfull \hbox (9.12157pt too wide) in alignment at lines 2045--2049
 [] [] [] 
 []


Overfull \hbox (9.12157pt too wide) in alignment at lines 2049--2053
 [] [] [] 
 []


Overfull \hbox (9.12157pt too wide) in alignment at lines 2053--2055
 [] [] [] 
 []


Overfull \hbox (9.12157pt too wide) in alignment at lines 2055--2081
 [] [] [] 
 []


Overfull \hbox (9.12157pt too wide) in alignment at lines 2081--2092
 [] [] [] 
 []

[50] [51] [52]
Underfull \hbox (badness 10000) in paragraph at lines 2185--2192

 []


Underfull \hbox (badness 10000) in paragraph at lines 2185--2192

 []

[53]
Overfull \hbox (8.29568pt too wide) in paragraph at lines 2207--2210
\OT1/cmr/m/n/10.95 maths li-brary ([]$\OT1/cmtt/m/n/10.95 http : / / www . boos
t . org / doc / libs / 1 _ 60 _ 0 / libs / math / doc / html / special .
 []


Underfull \hbox (badness 10000) in paragraph at lines 2223--2225

 []


Underfull \hbox (badness 10000) in paragraph at lines 2235--2237

 []

[54]
LaTeX Font Info:    Try loading font information for OMS+cmr on input line 2276
.
 (/usr/local/texlive/2016/texmf-dist/tex/latex/base/omscmr.fd
File: omscmr.fd 2014/09/29 v2.5h Standard LaTeX font definitions
)
LaTeX Font Info:    Font shape `OMS/cmr/m/n' in size <10.95> not available
(Font)              Font shape `OMS/cmsy/m/n' tried instead on input line 2276.

 [55]
[56]

LaTeX Warning: No positions in optional float specifier.
               Default added (so using `tbp') on input line 2300.

<Figures/Test_toll.pdf, id=1151, 252.945pt x 216.81pt>
File: Figures/Test_toll.pdf Graphic file (type pdf)

<use Figures/Test_toll.pdf>
Package pdftex.def Info: Figures/Test_toll.pdf used on input line 2302.
(pdftex.def)             Requested size: 252.94438pt x 216.80946pt.


LaTeX Warning: No positions in optional float specifier.
               Default added (so using `tbp') on input line 2309.

<Figures/Test_xi_toll.pdf, id=1153, 252.945pt x 216.81pt>
File: Figures/Test_xi_toll.pdf Graphic file (type pdf)

<use Figures/Test_xi_toll.pdf>
Package pdftex.def Info: Figures/Test_xi_toll.pdf used on input line 2311.
(pdftex.def)             Requested size: 252.94438pt x 216.80946pt.


LaTeX Warning: No positions in optional float specifier.
               Default added (so using `tbp') on input line 2319.

<Figures/Test_kmax.pdf, id=1156, 252.945pt x 216.81pt>
File: Figures/Test_kmax.pdf Graphic file (type pdf)

<use Figures/Test_kmax.pdf>
Package pdftex.def Info: Figures/Test_kmax.pdf used on input line 2321.
(pdftex.def)             Requested size: 252.94438pt x 216.80946pt.


LaTeX Warning: No positions in optional float specifier.
               Default added (so using `tbp') on input line 2326.

<Figures/Test_kmax_1.pdf, id=1157, 252.945pt x 216.81pt>
File: Figures/Test_kmax_1.pdf Graphic file (type pdf)

<use Figures/Test_kmax_1.pdf>
Package pdftex.def Info: Figures/Test_kmax_1.pdf used on input line 2328.
(pdftex.def)             Requested size: 252.94438pt x 216.80946pt.


LaTeX Warning: No positions in optional float specifier.
               Default added (so using `tbp') on input line 2336.

<Figures/Test_dxi.pdf, id=1159, 252.945pt x 216.81pt>
File: Figures/Test_dxi.pdf Graphic file (type pdf)

<use Figures/Test_dxi.pdf>
Package pdftex.def Info: Figures/Test_dxi.pdf used on input line 2338.
(pdftex.def)             Requested size: 252.94438pt x 216.80946pt.


LaTeX Warning: No positions in optional float specifier.
               Default added (so using `tbp') on input line 2345.

<Figures/Test_ICr.pdf, id=1162, 252.945pt x 216.81pt>
File: Figures/Test_ICr.pdf Graphic file (type pdf)

<use Figures/Test_ICr.pdf>
Package pdftex.def Info: Figures/Test_ICr.pdf used on input line 2347.
(pdftex.def)             Requested size: 252.94438pt x 216.80946pt.


LaTeX Warning: No positions in optional float specifier.
               Default added (so using `tbp') on input line 2352.

<Figures/Test_ICa.pdf, id=1163, 252.945pt x 216.81pt>
File: Figures/Test_ICa.pdf Graphic file (type pdf)

<use Figures/Test_ICa.pdf>
Package pdftex.def Info: Figures/Test_ICa.pdf used on input line 2354.
(pdftex.def)             Requested size: 252.94438pt x 216.80946pt.
 [57] [58 <./Figures/Test_toll.pdf> <./Figures/Test_xi_toll.pdf

pdfTeX warning: /Library/TeX/texbin/pdflatex (file ./Figures/Test_xi_toll.pdf):
 PDF inclusion: multiple pdfs with page group included in a single page
>] [59 <./Figures/Test_kmax.pdf> <./Figures/Test_kmax_1.pdf

pdfTeX warning: /Library/TeX/texbin/pdflatex (file ./Figures/Test_kmax_1.pdf): 
PDF inclusion: multiple pdfs with page group included in a single page
>] [60 <./Figures/Test_dxi.pdf> <./Figures/Test_ICr.pdf

pdfTeX warning: /Library/TeX/texbin/pdflatex (file ./Figures/Test_ICr.pdf): PDF
 inclusion: multiple pdfs with page group included in a single page
>] [61 <./Figures/Test_ICa.pdf>]

LaTeX Warning: No positions in optional float specifier.
               Default added (so using `tbp') on input line 2366.

<Figures/Run_time_Nlay.pdf, id=1329, 252.945pt x 216.81pt>
File: Figures/Run_time_Nlay.pdf Graphic file (type pdf)

<use Figures/Run_time_Nlay.pdf>
Package pdftex.def Info: Figures/Run_time_Nlay.pdf used on input line 2368.
(pdftex.def)             Requested size: 252.94438pt x 216.80946pt.


LaTeX Warning: No positions in optional float specifier.
               Default added (so using `tbp') on input line 2373.

<Figures/Run_time_Nmu.pdf, id=1330, 252.945pt x 216.81pt>
File: Figures/Run_time_Nmu.pdf Graphic file (type pdf)

<use Figures/Run_time_Nmu.pdf>
Package pdftex.def Info: Figures/Run_time_Nmu.pdf used on input line 2375.
(pdftex.def)             Requested size: 252.94438pt x 216.80946pt.


LaTeX Warning: No positions in optional float specifier.
               Default added (so using `tbp') on input line 2380.

<Figures/Run_time_toll.pdf, id=1331, 252.945pt x 216.81pt>
File: Figures/Run_time_toll.pdf Graphic file (type pdf)

<use Figures/Run_time_toll.pdf>
Package pdftex.def Info: Figures/Run_time_toll.pdf used on input line 2382.
(pdftex.def)             Requested size: 252.94438pt x 216.80946pt.


LaTeX Warning: No positions in optional float specifier.
               Default added (so using `tbp') on input line 2387.

<Figures/Run_time_kmax.pdf, id=1332, 252.945pt x 216.81pt>
File: Figures/Run_time_kmax.pdf Graphic file (type pdf)

<use Figures/Run_time_kmax.pdf>
Package pdftex.def Info: Figures/Run_time_kmax.pdf used on input line 2389.
(pdftex.def)             Requested size: 252.94438pt x 216.80946pt.
 [62

 <./Figures/Run_time_Nlay.pdf>] [63 <./Figures/Run_time_Nmu.pdf> <./Figures/Run
_time_toll.pdf

pdfTeX warning: /Library/TeX/texbin/pdflatex (file ./Figures/Run_time_toll.pdf)
: PDF inclusion: multiple pdfs with page group included in a single page
>] [64 <./Figures/Run_time_kmax.pdf>]
Overfull \hbox (3.38445pt too wide) in alignment at lines 2409--2416
 [] [] 
 []


Overfull \hbox (3.38445pt too wide) in alignment at lines 2416--2420
 [] [] 
 []


Overfull \hbox (3.38445pt too wide) in alignment at lines 2420--2424
 [] [] 
 []


Overfull \hbox (3.38445pt too wide) in alignment at lines 2424--2426
 [] [] 
 []


Overfull \hbox (3.38445pt too wide) in alignment at lines 2426--2429
 [] [] 
 []

[65

] (./HERCULES_users_manual_v1.0.1.bbl [66]pdfTeX warning (ext4): destination wi
th the same identifier (name{cite.Lock2017}) has been already used, duplicate i
gnored
<to be read again> 
                   \relax 
l.56 \bibitem[Lock and Stewart(2017)]{Lock2017}
                                               ) [67] [68

] [69]
Package atveryend Info: Empty hook `BeforeClearDocument' on input line 2591.
Package atveryend Info: Empty hook `AfterLastShipout' on input line 2591.

(./HERCULES_users_manual_v1.0.1.aux)
Package atveryend Info: Executing hook `AtVeryEndDocument' on input line 2591.
Package atveryend Info: Executing hook `AtEndAfterFileList' on input line 2591.

Package rerunfilecheck Info: File `HERCULES_users_manual_v1.0.1.out' has not ch
anged.
(rerunfilecheck)             Checksum: 084CD1F144C698F0915AAA4BA05DAE5D;5205.


LaTeX Font Warning: Some font shapes were not available, defaults substituted.


LaTeX Warning: There were multiply-defined labels.

 ) 
Here is how much of TeX's memory you used:
 19131 strings out of 493014
 344588 string characters out of 6133351
 457064 words of memory out of 5000000
 22008 multiletter control sequences out of 15000+600000
 19137 words of font info for 71 fonts, out of 8000000 for 9000
 1141 hyphenation exceptions out of 8191
 54i,20n,73p,1073b,1124s stack positions out of 5000i,500n,10000p,200000b,80000s
</usr/local/texlive/2016/texmf-dist/fonts/type1/public/amsfonts/cm/cmbsy10.pf
b></usr/local/texlive/2016/texmf-dist/fonts/type1/public/amsfonts/cmextra/cmbsy
8.pfb></usr/local/texlive/2016/texmf-dist/fonts/type1/public/amsfonts/cm/cmbx10
.pfb></usr/local/texlive/2016/texmf-dist/fonts/type1/public/amsfonts/cm/cmbx12.
pfb></usr/local/texlive/2016/texmf-dist/fonts/type1/public/amsfonts/cm/cmbx8.pf
b></usr/local/texlive/2016/texmf-dist/fonts/type1/public/amsfonts/cm/cmex10.pfb
></usr/local/texlive/2016/texmf-dist/fonts/type1/public/amsfonts/cm/cmmi10.pfb>
</usr/local/texlive/2016/texmf-dist/fonts/type1/public/amsfonts/cm/cmmi6.pfb></
usr/local/texlive/2016/texmf-dist/fonts/type1/public/amsfonts/cm/cmmi8.pfb></us
r/local/texlive/2016/texmf-dist/fonts/type1/public/amsfonts/cm/cmmib10.pfb></us
r/local/texlive/2016/texmf-dist/fonts/type1/public/amsfonts/cmextra/cmmib8.pfb>
</usr/local/texlive/2016/texmf-dist/fonts/type1/public/amsfonts/cm/cmr10.pfb></
usr/local/texlive/2016/texmf-dist/fonts/type1/public/amsfonts/cm/cmr12.pfb></us
r/local/texlive/2016/texmf-dist/fonts/type1/public/amsfonts/cm/cmr17.pfb></usr/
local/texlive/2016/texmf-dist/fonts/type1/public/amsfonts/cm/cmr6.pfb></usr/loc
al/texlive/2016/texmf-dist/fonts/type1/public/amsfonts/cm/cmr8.pfb></usr/local/
texlive/2016/texmf-dist/fonts/type1/public/amsfonts/cm/cmr9.pfb></usr/local/tex
live/2016/texmf-dist/fonts/type1/public/amsfonts/cm/cmsy10.pfb></usr/local/texl
ive/2016/texmf-dist/fonts/type1/public/amsfonts/cm/cmsy6.pfb></usr/local/texliv
e/2016/texmf-dist/fonts/type1/public/amsfonts/cm/cmsy8.pfb></usr/local/texlive/
2016/texmf-dist/fonts/type1/public/amsfonts/cm/cmsy9.pfb></usr/local/texlive/20
16/texmf-dist/fonts/type1/public/amsfonts/cm/cmti10.pfb></usr/local/texlive/201
6/texmf-dist/fonts/type1/public/amsfonts/cm/cmtt10.pfb></usr/local/texlive/2016
/texmf-dist/fonts/type1/public/amsfonts/cm/cmtt12.pfb></usr/local/texlive/2016/
texmf-dist/fonts/type1/urw/helvetic/uhvr8a.pfb></usr/local/texlive/2016/texmf-d
ist/fonts/type1/urw/helvetic/uhvro8a.pfb>
Output written on HERCULES_users_manual_v1.0.1.pdf (69 pages, 1617945 bytes).
PDF statistics:
 1593 PDF objects out of 1728 (max. 8388607)
 1395 compressed objects within 14 object streams
 302 named destinations out of 1000 (max. 500000)
 665 words of extra memory for PDF output out of 10000 (max. 10000000)

