\BOOKMARK [1][-]{section.1}{Introduction}{}% 1
\BOOKMARK [2][-]{subsection.1.1}{Acquiring HERCULES}{section.1}% 2
\BOOKMARK [2][-]{subsection.1.2}{Referencing HERCULES}{section.1}% 3
\BOOKMARK [2][-]{subsection.1.3}{Reporting errors}{section.1}% 4
\BOOKMARK [2][-]{subsection.1.4}{Acknowledgments}{section.1}% 5
\BOOKMARK [1][-]{section.2}{Theoretical background}{}% 6
\BOOKMARK [2][-]{subsection.2.1}{Potential due to a single highly-oblate body}{section.2}% 7
\BOOKMARK [3][-]{subsubsection.2.1.1}{Regime I: r \040b}{subsection.2.1}% 8
\BOOKMARK [3][-]{subsubsection.2.1.2}{Regime II: interior point with b < r <a}{subsection.2.1}% 9
\BOOKMARK [3][-]{subsubsection.2.1.3}{Regime III: exterior point with b < r < a}{subsection.2.1}% 10
\BOOKMARK [3][-]{subsubsection.2.1.4}{Regime IV: r \040a}{subsection.2.1}% 11
\BOOKMARK [2][-]{subsection.2.2}{The general concentric Maclaurin spheroid model}{section.2}% 12
\BOOKMARK [1][-]{section.3}{Numeric Implementation}{}% 13
\BOOKMARK [2][-]{subsection.3.1}{Overview of algorithm}{section.3}% 14
\BOOKMARK [2][-]{subsection.3.2}{Initialization}{section.3}% 15
\BOOKMARK [3][-]{subsubsection.3.2.1}{Constant density spheroids: Fstart=0}{subsection.3.2}% 16
\BOOKMARK [3][-]{subsubsection.3.2.2}{From an output file: Fstart=1}{subsection.3.2}% 17
\BOOKMARK [2][-]{subsection.3.3}{Shape iteration}{section.3}% 18
\BOOKMARK [2][-]{subsection.3.4}{Thermodynamics and equations of state}{section.3}% 19
\BOOKMARK [3][-]{subsubsection.3.4.1}{Calculation of pressure}{subsection.3.4}% 20
\BOOKMARK [3][-]{subsubsection.3.4.2}{Equations of state}{subsection.3.4}% 21
\BOOKMARK [2][-]{subsection.3.5}{Mass control}{section.3}% 22
\BOOKMARK [3][-]{subsubsection.3.5.1}{Constant density: FMconc=0}{subsection.3.5}% 23
\BOOKMARK [3][-]{subsubsection.3.5.2}{Density scaling: FMconc=1}{subsection.3.5}% 24
\BOOKMARK [3][-]{subsubsection.3.5.3}{Volume scaling: FMconc=2}{subsection.3.5}% 25
\BOOKMARK [2][-]{subsection.3.6}{Angular momentum control}{section.3}% 26
\BOOKMARK [3][-]{subsubsection.3.6.1}{No conservation with constant rotation rate: FLconc=0}{subsection.3.6}% 27
\BOOKMARK [3][-]{subsubsection.3.6.2}{Angular momentum conservation with imposed \040profile: FLconc=1}{subsection.3.6}% 28
\BOOKMARK [2][-]{subsection.3.7}{Convergence criteria}{section.3}% 29
\BOOKMARK [2][-]{subsection.3.8}{Pre-calculated integrals}{section.3}% 30
\BOOKMARK [3][-]{subsubsection.3.8.1}{Ni,0\(,r\)}{subsection.3.8}% 31
\BOOKMARK [3][-]{subsubsection.3.8.2}{Ni,2\(,r\)}{subsection.3.8}% 32
\BOOKMARK [3][-]{subsubsection.3.8.3}{Ni,2k\(,r\) for k 2 }{subsection.3.8}% 33
\BOOKMARK [3][-]{subsubsection.3.8.4}{Ki,0\(,r\)}{subsection.3.8}% 34
\BOOKMARK [3][-]{subsubsection.3.8.5}{Ki,2k\(,r\) for k 1 }{subsection.3.8}% 35
\BOOKMARK [2][-]{subsection.3.9}{Gravitational moments}{section.3}% 36
\BOOKMARK [2][-]{subsection.3.10}{Analytical tools}{section.3}% 37
\BOOKMARK [3][-]{subsubsection.3.10.1}{Radial mass distribution}{subsection.3.10}% 38
\BOOKMARK [3][-]{subsubsection.3.10.2}{Radial angular momentum distribution}{subsection.3.10}% 39
\BOOKMARK [2][-]{subsection.3.11}{Numerical Notes}{section.3}% 40
\BOOKMARK [3][-]{subsubsection.3.11.1}{Differentiation of an uneven matrix}{subsection.3.11}% 41
\BOOKMARK [3][-]{subsubsection.3.11.2}{Manipulation of C++ vectors}{subsection.3.11}% 42
\BOOKMARK [1][-]{section.4}{HERCULES structures}{}% 43
\BOOKMARK [2][-]{subsection.4.1}{parameters class}{section.4}% 44
\BOOKMARK [2][-]{subsection.4.2}{planet class}{section.4}% 45
\BOOKMARK [2][-]{subsection.4.3}{concentric\137layer class}{section.4}% 46
\BOOKMARK [2][-]{subsection.4.4}{EOS class}{section.4}% 47
\BOOKMARK [1][-]{section.5}{Code file structure}{}% 48
\BOOKMARK [1][-]{section.6}{Description of input}{}% 49
\BOOKMARK [2][-]{subsection.6.1}{Main input file}{section.6}% 50
\BOOKMARK [2][-]{subsection.6.2}{EOS files}{section.6}% 51
\BOOKMARK [2][-]{subsection.6.3}{HERCULES output files}{section.6}% 52
\BOOKMARK [1][-]{section.7}{Running the code}{}% 53
\BOOKMARK [1][-]{section.8}{Description of output}{}% 54
\BOOKMARK [2][-]{subsection.8.1}{Inline output}{section.8}% 55
\BOOKMARK [2][-]{subsection.8.2}{HERCULES structure files}{section.8}% 56
\BOOKMARK [1][-]{section.9}{Compiling notes}{}% 57
\BOOKMARK [2][-]{subsection.9.1}{Required C++ libraries}{section.9}% 58
\BOOKMARK [2][-]{subsection.9.2}{Example make files}{section.9}% 59
\BOOKMARK [3][-]{subsubsection.9.2.1}{GNU compilers}{subsection.9.2}% 60
\BOOKMARK [3][-]{subsubsection.9.2.2}{Intel compilers}{subsection.9.2}% 61
\BOOKMARK [1][-]{section.10}{Code testing}{}% 62
\BOOKMARK [2][-]{subsection.10.1}{Parameter testing}{section.10}% 63
\BOOKMARK [2][-]{subsection.10.2}{Performance testing}{section.10}% 64
\BOOKMARK [1][-]{section.11}{Supporting codes and scripts}{}% 65
\BOOKMARK [2][-]{subsection.11.1}{python scripts}{section.11}% 66
\BOOKMARK [1][-]{section.12}{Tutorial}{}% 67
\BOOKMARK [1][-]{section.13}{Version updates}{}% 68
\BOOKMARK [2][-]{subsection.13.1}{Version 1.0}{section.13}% 69
\BOOKMARK [3][-]{subsubsection.13.1.1}{Known issues}{subsection.13.1}% 70
\BOOKMARK [1][-]{section.14}{Papers published using HERCULES}{}% 71
\BOOKMARK [1][-]{section.15}{Tables of variables}{}% 72
